Using TensorFlow backend.
=============================================================
PERTURBATION: 0.0
train: 500
test 199
eval: 101
loaded mails
loaded features
loaded labels
[  0.24849897  60.17179487   8.83879473   7.84849498   1.39146161]
_________________________________________________________________
Layer (type)                 Output Shape              Param #   
=================================================================
2017-10-17 14:23:28.406519: I tensorflow/core/platform/cpu_feature_guard.cc:137] Your CPU supports instructions that this TensorFlow binary was not compiled to use: SSE4.1 SSE4.2 AVX AVX2 FMA
masking_1 (Masking)          (None, None, 48)          0         
_________________________________________________________________
gaussian_noise_1 (GaussianNo (None, None, 48)          0         
_________________________________________________________________
rnn_layer1 (GRU)             (None, None, 48)          13968     
_________________________________________________________________
output (GRU)                 (None, None, 5)           810       
=================================================================
Total params: 14,778
Trainable params: 14,778
Non-trainable params: 0
_________________________________________________________________
2017-10-17 14:23:28.484540: E tensorflow/stream_executor/cuda/cuda_driver.cc:406] failed call to cuInit: CUDA_ERROR_UNKNOWN
2017-10-17 14:23:28.484579: I tensorflow/stream_executor/cuda/cuda_diagnostics.cc:145] kernel driver does not appear to be running on this host (klapprechner): /proc/driver/nvidia/version does not exist
Accuracy:  0.75301840347
                precision    recall  f1-score   support

          Body       0.99      0.70      0.82      6484
    Body/Intro       0.09      0.91      0.16        55
    Body/Outro       0.17      0.86      0.29       235
Body/Signature       0.40      0.88      0.55       306
        Header       0.89      0.95      0.92      1451

   avg / total       0.92      0.75      0.81      8531

Accuracy (weighted):  0.871080781539
                precision    recall  f1-score   support

          Body       0.75      0.70      0.72 1611.267305554065
    Body/Intro       0.94      0.91      0.92 3309.4487179487223
    Body/Outro       0.76      0.86      0.81 2077.116760828618
Body/Signature       0.92      0.88      0.90 2401.6394648829464
        Header       0.92      0.95      0.94 2019.0107915802448

   avg / total       0.87      0.87      0.87 11418.483040794597

['Body' 'Body/Intro' 'Body/Outro' 'Body/Signature' 'Header']
[[4520  494  946  366  158]
 [   1   50    3    0    1]
 [  24    1  202    6    2]
 [  11    4   17  268    6]
 [   9   29    0   29 1384]]
=============================================================
PERTURBATION: 0.1
train: 500
test 199
eval: 101
loaded mails
loaded features
loaded labels
[  0.24849897  60.17179487   8.83879473   7.84849498   1.39146161]
Accuracy:  0.772125190482
                precision    recall  f1-score   support

          Body       0.98      0.73      0.84      6484
    Body/Intro       0.10      0.75      0.17        55
    Body/Outro       0.18      0.84      0.29       235
Body/Signature       0.40      0.86      0.55       306
        Header       0.88      0.92      0.90      1451

   avg / total       0.92      0.77      0.82      8531

Accuracy (weighted):  0.815337546861
                precision    recall  f1-score   support

          Body       0.68      0.73      0.70 1611.267305554065
    Body/Intro       0.94      0.75      0.83 3309.4487179487223
    Body/Outro       0.72      0.84      0.77 2077.116760828618
Body/Signature       0.89      0.86      0.87 2401.6394648829464
        Header       0.81      0.92      0.86 2019.0107915802448

   avg / total       0.83      0.82      0.82 11418.483040794597

['Body' 'Body/Intro' 'Body/Outro' 'Body/Signature' 'Header']
[[4746  339  886  337  176]
 [   2   41    5    1    6]
 [  28    2  197    6    2]
 [  18    3   21  262    2]
 [  36   32    0   42 1341]]
=============================================================
PERTURBATION: 0.2
train: 500
test 199
eval: 101
loaded mails
loaded features
loaded labels
[  0.24849897  60.17179487   8.83879473   7.84849498   1.39146161]
Accuracy:  0.796741296448
                precision    recall  f1-score   support

          Body       0.96      0.79      0.87      6484
    Body/Intro       0.13      0.55      0.21        55
    Body/Outro       0.19      0.77      0.30       235
Body/Signature       0.44      0.78      0.56       306
        Header       0.84      0.86      0.85      1451

   avg / total       0.89      0.80      0.83      8531

Accuracy (weighted):  0.724460021309
                precision    recall  f1-score   support

          Body       0.48      0.79      0.60 1611.267305554065
    Body/Intro       0.95      0.55      0.69 3309.4487179487223
    Body/Outro       0.61      0.77      0.68 2077.116760828618
Body/Signature       0.85      0.78      0.81 2401.6394648829464
        Header       0.84      0.86      0.85 2019.0107915802448

   avg / total       0.78      0.72      0.73 11418.483040794597

['Body' 'Body/Intro' 'Body/Outro' 'Body/Signature' 'Header']
[[5104  185  745  233  217]
 [   9   30   11    2    3]
 [  43    1  181    8    2]
 [  37    3   19  238    9]
 [ 123   15    4   65 1244]]
=============================================================
PERTURBATION: 0.3
train: 500
test 199
eval: 101
loaded mails
loaded features
loaded labels
[  0.24849897  60.17179487   8.83879473   7.84849498   1.39146161]
Accuracy:  0.809283788536
                precision    recall  f1-score   support

          Body       0.94      0.82      0.88      6484
    Body/Intro       0.12      0.31      0.17        55
    Body/Outro       0.20      0.74      0.31       235
Body/Signature       0.43      0.65      0.52       306
        Header       0.86      0.80      0.83      1451

   avg / total       0.88      0.81      0.84      8531

Accuracy (weighted):  0.619520589631
                precision    recall  f1-score   support

          Body       0.40      0.82      0.53 1611.267305554065
    Body/Intro       0.95      0.31      0.47 3309.4487179487223
    Body/Outro       0.62      0.74      0.68 2077.116760828618
Body/Signature       0.73      0.65      0.69 2401.6394648829464
        Header       0.68      0.80      0.74 2019.0107915802448

   avg / total       0.72      0.62      0.61 11418.483040794597

['Body' 'Body/Intro' 'Body/Outro' 'Body/Signature' 'Header']
[[5349  117  667  180  171]
 [  12   17   10    6   10]
 [  49    1  175    7    3]
 [  76    0   22  198   10]
 [ 203    9    4   70 1165]]
=============================================================
PERTURBATION: 0.4
train: 500
test 199
eval: 101
loaded mails
loaded features
loaded labels
[  0.24849897  60.17179487   8.83879473   7.84849498   1.39146161]
Accuracy:  0.808932129879
                precision    recall  f1-score   support

          Body       0.92      0.85      0.88      6484
    Body/Intro       0.13      0.27      0.18        55
    Body/Outro       0.22      0.74      0.34       235
Body/Signature       0.44      0.60      0.51       306
        Header       0.86      0.70      0.77      1451

   avg / total       0.87      0.81      0.83      8531

Accuracy (weighted):  0.584691601645
                precision    recall  f1-score   support

          Body       0.35      0.85      0.50 1611.267305554065
    Body/Intro       0.96      0.27      0.42 3309.4487179487223
    Body/Outro       0.63      0.74      0.68 2077.116760828618
Body/Signature       0.68      0.60      0.64 2401.6394648829464
        Header       0.70      0.70      0.70 2019.0107915802448

   avg / total       0.71      0.58      0.58 11418.483040794597

['Body' 'Body/Intro' 'Body/Outro' 'Body/Signature' 'Header']
[[5517   95  594  140  138]
 [  15   15   10    8    7]
 [  51    1  175    6    2]
 [  86    0   20  185   15]
 [ 343    5    8   86 1009]]
=============================================================
PERTURBATION: 0.5
train: 500
test 199
eval: 101
loaded mails
loaded features
loaded labels
[  0.24849897  60.17179487   8.83879473   7.84849498   1.39146161]
Accuracy:  0.798616809284
                precision    recall  f1-score   support

          Body       0.89      0.87      0.88      6484
    Body/Intro       0.14      0.25      0.18        55
    Body/Outro       0.21      0.66      0.31       235
Body/Signature       0.37      0.46      0.41       306
        Header       0.88      0.58      0.70      1451

   avg / total       0.85      0.80      0.81      8531

Accuracy (weighted):  0.516093094246
                precision    recall  f1-score   support

          Body       0.29      0.87      0.43 1611.267305554065
    Body/Intro       0.96      0.25      0.40 3309.4487179487223
    Body/Outro       0.61      0.66      0.63 2077.116760828618
Body/Signature       0.63      0.46      0.53 2401.6394648829464
        Header       0.71      0.58      0.64 2019.0107915802448

   avg / total       0.69      0.52      0.52 11418.483040794597

['Body' 'Body/Intro' 'Body/Outro' 'Body/Signature' 'Header']
[[5664   78  548  106   88]
 [  21   14    9    6    5]
 [  67    1  154   11    2]
 [ 123    0   25  142   16]
 [ 478    5   10  119  839]]
=============================================================
PERTURBATION: 0.6
train: 500
test 199
eval: 101
loaded mails
loaded features
loaded labels
[  0.24849897  60.17179487   8.83879473   7.84849498   1.39146161]
Accuracy:  0.791231977494
                precision    recall  f1-score   support

          Body       0.87      0.89      0.88      6484
    Body/Intro       0.14      0.22      0.17        55
    Body/Outro       0.22      0.59      0.32       235
Body/Signature       0.33      0.37      0.35       306
        Header       0.87      0.51      0.64      1451

   avg / total       0.83      0.79      0.80      8531

Accuracy (weighted):  0.46256370195
                precision    recall  f1-score   support

          Body       0.26      0.89      0.40 1611.267305554065
    Body/Intro       0.96      0.22      0.36 3309.4487179487223
    Body/Outro       0.59      0.59      0.59 2077.116760828618
Body/Signature       0.52      0.37      0.43 2401.6394648829464
        Header       0.76      0.51      0.61 2019.0107915802448

   avg / total       0.66      0.46      0.46 11418.483040794597

['Body' 'Body/Intro' 'Body/Outro' 'Body/Signature' 'Header']
[[5752   71  468  104   89]
 [  21   12   10    9    3]
 [  80    1  139   13    2]
 [ 163    0   17  112   14]
 [ 603    4   10   99  735]]
